<?xml version="1.0" encoding="UTF-8"?>
<testng-results ignored="0" total="2" passed="2" failed="0" skipped="0">
  <reporter-output>
  </reporter-output>
  <suite started-at="2023-09-05T18:18:24 EDT" name="Test login" finished-at="2023-09-05T18:18:49 EDT" duration-ms="24872">
    <groups>
    </groups>
    <test started-at="2023-09-05T18:18:24 EDT" name="TestN" finished-at="2023-09-05T18:18:49 EDT" duration-ms="24872">
      <class name="testLayer.LoginTest">
        <test-method is-config="true" signature="initsetup()[pri:0, instance:testLayer.LoginTest@18078bef]" started-at="2023-09-05T18:18:25 EDT" name="initsetup" finished-at="2023-09-05T18:18:34 EDT" duration-ms="9041" status="PASS">
          <reporter-output>
          </reporter-output>
        </test-method> <!-- initsetup -->
        <test-method signature="Title()[pri:1, instance:testLayer.LoginTest@18078bef]" started-at="2023-09-05T18:18:34 EDT" name="Title" finished-at="2023-09-05T18:18:34 EDT" duration-ms="55" status="PASS">
          <reporter-output>
          </reporter-output>
        </test-method> <!-- Title -->
        <test-method is-config="true" signature="close()[pri:0, instance:testLayer.LoginTest@18078bef]" started-at="2023-09-05T18:18:34 EDT" name="close" finished-at="2023-09-05T18:18:36 EDT" duration-ms="2029" status="PASS">
          <reporter-output>
          </reporter-output>
        </test-method> <!-- close -->
        <test-method is-config="true" signature="initsetup()[pri:0, instance:testLayer.LoginTest@18078bef]" started-at="2023-09-05T18:18:36 EDT" name="initsetup" finished-at="2023-09-05T18:18:43 EDT" duration-ms="7578" status="PASS">
          <reporter-output>
          </reporter-output>
        </test-method> <!-- initsetup -->
        <test-method signature="Login()[pri:2, instance:testLayer.LoginTest@18078bef]" started-at="2023-09-05T18:18:43 EDT" name="Login" finished-at="2023-09-05T18:18:47 EDT" duration-ms="3397" status="PASS">
          <reporter-output>
          </reporter-output>
        </test-method> <!-- Login -->
        <test-method is-config="true" signature="close()[pri:0, instance:testLayer.LoginTest@18078bef]" started-at="2023-09-05T18:18:47 EDT" name="close" finished-at="2023-09-05T18:18:49 EDT" duration-ms="2715" status="PASS">
          <reporter-output>
          </reporter-output>
        </test-method> <!-- close -->
      </class> <!-- testLayer.LoginTest -->
    </test> <!-- TestN -->
  </suite> <!-- Test login -->
</testng-results>
